<?xml version="1.0" encoding="UTF-8"?>
<!-- Generated by org.testng.reporters.JUnitXMLReporter -->
<testsuite hostname="ojas-dl453" ignored="0" name="Test" tests="3" failures="1" timestamp="2023-01-05T16:05:05 IST" time="2.056" errors="0">
  <testcase name="entity" time="2.01" classname="tests.OrangeHRM.ORM_Leave_Test">
    <failure type="java.lang.NullPointerException">
      <![CDATA[java.lang.NullPointerException
at POM.OrangeHRM.ORM_POM_Leave_Module.Leave(ORM_POM_Leave_Module.java:25)
at tests.OrangeHRM.ORM_Leave_Test.entity(ORM_Leave_Test.java:19)
at java.util.ArrayList.forEach(ArrayList.java:1257)
... Removed 27 stack frames]]>
    </failure>
  </testcase> <!-- entity -->
  <testcase name="entitlements" time="0.0" classname="tests.OrangeHRM.ORM_Leave_Test">
    <skipped/>
  </testcase> <!-- entitlements -->
  <testcase name="addentitlements" time="0.0" classname="tests.OrangeHRM.ORM_Leave_Test">
    <skipped/>
  </testcase> <!-- addentitlements -->
</testsuite> <!-- Test -->
