<?xml version="1.0" encoding="UTF-8"?>
<!-- Generated by org.testng.reporters.JUnitXMLReporter -->
<testsuite hostname="ojas-dl453" ignored="2" name="OrangeHRMclasses" tests="9" failures="0" timestamp="2023-01-24T15:33:26 IST" time="131.37" errors="0">
  <testcase name="time" time="5.104" classname="tests.OrangeHRM.ORM_Time_Test"/>
  <testcase name="entity" time="11.46" classname="tests.OrangeHRM.ORM_Leave_Test"/>
  <testcase name="entitlements" time="4.208" classname="tests.OrangeHRM.ORM_Leave_Test"/>
  <testcase name="addentitlements" time="23.828" classname="tests.OrangeHRM.ORM_Leave_Test"/>
  <testcase name="leavetype" time="18.56" classname="tests.OrangeHRM.ORM_Leave_Test"/>
  <testcase name="leaveperiod" time="30.58" classname="tests.OrangeHRM.ORM_Leave_Test"/>
  <testcase name="entitlementfield" time="4.167" classname="tests.OrangeHRM.ORM_Leave_Test"/>
  <testcase name="savebutton" time="4.205" classname="tests.OrangeHRM.ORM_Leave_Test"/>
  <testcase name="conformbutton" time="4.222" classname="tests.OrangeHRM.ORM_Leave_Test"/>
  <testcase name="@AfterTest closebrowser" time="0.0" classname="Library.BrowserInvoke">
    <ignored/>
  </testcase> <!-- @AfterTest closebrowser -->
  <testcase name="@BeforeTest browserinvoke" time="0.0" classname="Library.BrowserInvoke">
    <ignored/>
  </testcase> <!-- @BeforeTest browserinvoke -->
</testsuite> <!-- OrangeHRMclasses -->
