<?xml version="1.0" encoding="UTF-8"?>
<!-- Generated by org.testng.reporters.JUnitXMLReporter -->
<testsuite hostname="ojas-dl453" ignored="0" name="Orangehrm" tests="10" failures="3" timestamp="2023-01-25T10:04:47 IST" time="2.096" errors="0">
  <testcase name="time" time="0.008" classname="tests.OrangeHRM.ORM_Time_Test">
    <failure type="java.lang.NullPointerException">
      <![CDATA[java.lang.NullPointerException
at POM.OrangeHRM.ORM_POM_Time_Module.Time(ORM_POM_Time_Module.java:15)
at tests.OrangeHRM.ORM_Time_Test.time(ORM_Time_Test.java:13)
at java.util.ArrayList.forEach(ArrayList.java:1257)
... Removed 27 stack frames]]>
    </failure>
  </testcase> <!-- time -->
  <testcase name="employeename" time="0.001" classname="tests.OrangeHRM.ORM_Time_Test">
    <failure type="java.lang.NullPointerException">
      <![CDATA[java.lang.NullPointerException
at POM.OrangeHRM.ORM_POM_Time_Module.Employeename(ORM_POM_Time_Module.java:18)
at tests.OrangeHRM.ORM_Time_Test.employeename(ORM_Time_Test.java:18)
at java.util.ArrayList.forEach(ArrayList.java:1257)
... Removed 27 stack frames]]>
    </failure>
  </testcase> <!-- employeename -->
  <testcase name="entity" time="2.004" classname="tests.OrangeHRM.ORM_Leave_Test">
    <failure type="java.lang.NullPointerException">
      <![CDATA[java.lang.NullPointerException
at POM.OrangeHRM.ORM_POM_Leave_Module.Leave(ORM_POM_Leave_Module.java:26)
at tests.OrangeHRM.ORM_Leave_Test.entity(ORM_Leave_Test.java:21)
at java.util.ArrayList.forEach(ArrayList.java:1257)
... Removed 27 stack frames]]>
    </failure>
  </testcase> <!-- entity -->
  <testcase name="entitlements" time="0.0" classname="tests.OrangeHRM.ORM_Leave_Test">
    <skipped/>
  </testcase> <!-- entitlements -->
  <testcase name="addentitlements" time="0.0" classname="tests.OrangeHRM.ORM_Leave_Test">
    <skipped/>
  </testcase> <!-- addentitlements -->
  <testcase name="leavetype" time="0.0" classname="tests.OrangeHRM.ORM_Leave_Test">
    <skipped/>
  </testcase> <!-- leavetype -->
  <testcase name="leaveperiod" time="0.0" classname="tests.OrangeHRM.ORM_Leave_Test">
    <skipped/>
  </testcase> <!-- leaveperiod -->
  <testcase name="entitlementfield" time="0.0" classname="tests.OrangeHRM.ORM_Leave_Test">
    <skipped/>
  </testcase> <!-- entitlementfield -->
  <testcase name="savebutton" time="0.0" classname="tests.OrangeHRM.ORM_Leave_Test">
    <skipped/>
  </testcase> <!-- savebutton -->
  <testcase name="conformbutton" time="0.0" classname="tests.OrangeHRM.ORM_Leave_Test">
    <skipped/>
  </testcase> <!-- conformbutton -->
</testsuite> <!-- Orangehrm -->
