<?xml version="1.0" encoding="UTF-8"?>
<testng-results ignored="0" total="1" passed="1" failed="0" skipped="0">
  <reporter-output>
    <line>
      <![CDATA[Title of the Page :Register]]>
    </line>
    <line>
      <![CDATA[Successfully Entered the Data in the Full name Text Field]]>
    </line>
    <line>
      <![CDATA[Successfully Entered Value : Gowtham]]>
    </line>
    <line>
      <![CDATA[Successfully entered the lastname data upperl]]>
    </line>
  </reporter-output>
  <suite started-at="2022-12-13T18:28:13 IST" name="tests.OrangeHRM.RegistrationTest" finished-at="2022-12-13T18:28:17 IST" duration-ms="4130">
    <groups>
    </groups>
    <test started-at="2022-12-13T18:28:13 IST" name="Command line test" finished-at="2022-12-13T18:28:17 IST" duration-ms="4130">
      <class name="tests.OrangeHRM.RegistrationTest">
        <test-method is-config="true" signature="browserinvoke()[pri:0, instance:tests.OrangeHRM.RegistrationTest@4bb4de6a]" started-at="2022-12-13T18:28:13 IST" name="browserinvoke" finished-at="2022-12-13T18:28:17 IST" duration-ms="3615" status="PASS">
          <reporter-output>
          </reporter-output>
        </test-method> <!-- browserinvoke -->
        <test-method signature="registrationpage()[pri:0, instance:tests.OrangeHRM.RegistrationTest@4bb4de6a]" started-at="2022-12-13T18:28:17 IST" name="registrationpage" finished-at="2022-12-13T18:28:17 IST" duration-ms="269" status="PASS">
          <reporter-output>
            <line>
              <![CDATA[Title of the Page :Register]]>
            </line>
            <line>
              <![CDATA[Successfully Entered the Data in the Full name Text Field]]>
            </line>
            <line>
              <![CDATA[Successfully Entered Value : Gowtham]]>
            </line>
            <line>
              <![CDATA[Successfully entered the lastname data upperl]]>
            </line>
          </reporter-output>
        </test-method> <!-- registrationpage -->
        <test-method is-config="true" signature="closebrowser()[pri:0, instance:tests.OrangeHRM.RegistrationTest@4bb4de6a]" started-at="2022-12-13T18:28:17 IST" name="closebrowser" finished-at="2022-12-13T18:28:17 IST" duration-ms="217" status="PASS">
          <reporter-output>
          </reporter-output>
        </test-method> <!-- closebrowser -->
      </class> <!-- tests.OrangeHRM.RegistrationTest -->
    </test> <!-- Command line test -->
  </suite> <!-- tests.OrangeHRM.RegistrationTest -->
</testng-results>
